<?xml version="1.0" encoding="UTF-8"?>
<!-- Generated by org.testng.reporters.JUnitReportReporter -->
<testsuite hostname="LIN80022238" failures="0" tests="1" name="runners.TestRunner" time="45.152" errors="0" timestamp="2023-02-25T21:16:27 IST" skipped="0">
  <testcase classname="runners.TestRunner" name="runScenario" time="45.152"/>
  <system-out/>
</testsuite> <!-- runners.TestRunner -->
